[debug] [2021-04-08T02:38:19.400Z] ----------------------------------------------------------------------
[debug] [2021-04-08T02:38:19.402Z] Command:       /usr/local/bin/node /Users/jah/.npm-global/bin/firebase emulators:start
[debug] [2021-04-08T02:38:19.402Z] CLI Version:   9.2.1
[debug] [2021-04-08T02:38:19.402Z] Platform:      darwin
[debug] [2021-04-08T02:38:19.402Z] Node Version:  v12.18.1
[debug] [2021-04-08T02:38:19.403Z] Time:          Wed Apr 07 2021 22:38:19 GMT-0400 (Eastern Daylight Time)
[debug] [2021-04-08T02:38:19.403Z] ----------------------------------------------------------------------
[debug] [2021-04-08T02:38:19.403Z] 
[debug] [2021-04-08T02:38:19.414Z] > command requires scopes: ["email","openid","https://www.googleapis.com/auth/cloudplatformprojects.readonly","https://www.googleapis.com/auth/firebase","https://www.googleapis.com/auth/cloud-platform"]
[debug] [2021-04-08T02:38:19.414Z] > authorizing via signed-in user
[info] i  emulators: Starting emulators: functions, firestore, hosting, pubsub {"metadata":{"emulator":{"name":"hub"},"message":"Starting emulators: functions, firestore, hosting, pubsub"}}
[debug] [2021-04-08T02:38:19.447Z] [hub] writing locator at /var/folders/s1/kxm01zy17v59z003d47wf0200000gn/T/hub-ktperiodtracker.json
[warn] ⚠  functions: The following emulators are not running, calls to these services from the Functions emulator will affect production: auth, database {"metadata":{"emulator":{"name":"functions"},"message":"The following emulators are not running, calls to these services from the Functions emulator will affect production: \u001b[1mauth, database\u001b[22m"}}
[info] ✔  functions: Using node@12 from host. {"metadata":{"emulator":{"name":"functions"},"message":"Using node@12 from host."}}
[debug] [2021-04-08T02:38:19.484Z] defaultcredentials: writing to file /Users/jah/.config/firebase/elijahclimbs_gmail_com_application_default_credentials.json
[debug] [2021-04-08T02:38:19.490Z] Setting GAC to /Users/jah/.config/firebase/elijahclimbs_gmail_com_application_default_credentials.json {"metadata":{"emulator":{"name":"functions"},"message":"Setting GAC to /Users/jah/.config/firebase/elijahclimbs_gmail_com_application_default_credentials.json"}}
[debug] [2021-04-08T02:38:19.493Z] >>> [apiv2][query] GET https://firebase.googleapis.com/v1beta1/projects/ktperiodtracker/adminSdkConfig [none]
[debug] [2021-04-08T02:38:19.756Z] <<< [apiv2][status] GET https://firebase.googleapis.com/v1beta1/projects/ktperiodtracker/adminSdkConfig 200
[debug] [2021-04-08T02:38:19.756Z] <<< [apiv2][body] GET https://firebase.googleapis.com/v1beta1/projects/ktperiodtracker/adminSdkConfig {"projectId":"ktperiodtracker","storageBucket":"ktperiodtracker.appspot.com","locationId":"us-east1"}
[debug] [2021-04-08T02:38:20.035Z] Ignoring unsupported arg: projectId {"metadata":{"emulator":{"name":"firestore"},"message":"Ignoring unsupported arg: projectId"}}
[debug] [2021-04-08T02:38:20.035Z] Ignoring unsupported arg: auto_download {"metadata":{"emulator":{"name":"firestore"},"message":"Ignoring unsupported arg: auto_download"}}
[debug] [2021-04-08T02:38:20.035Z] Starting Firestore Emulator with command {"binary":"java","args":["-Dgoogle.cloud_firestore.debug_log_level=FINE","-Duser.language=en","-jar","/Users/jah/.cache/firebase/emulators/cloud-firestore-emulator-v1.11.12.jar","--host","localhost","--port",8080,"--rules","/Users/jah/Desktop/Coding_Projects/ktperiodtracker/firestore.rules","--functions_emulator","localhost:5001"],"optionalArgs":["port","webchannel_port","host","rules","functions_emulator","seed_from_export"],"joinArgs":false} {"metadata":{"emulator":{"name":"firestore"},"message":"Starting Firestore Emulator with command {\"binary\":\"java\",\"args\":[\"-Dgoogle.cloud_firestore.debug_log_level=FINE\",\"-Duser.language=en\",\"-jar\",\"/Users/jah/.cache/firebase/emulators/cloud-firestore-emulator-v1.11.12.jar\",\"--host\",\"localhost\",\"--port\",8080,\"--rules\",\"/Users/jah/Desktop/Coding_Projects/ktperiodtracker/firestore.rules\",\"--functions_emulator\",\"localhost:5001\"],\"optionalArgs\":[\"port\",\"webchannel_port\",\"host\",\"rules\",\"functions_emulator\",\"seed_from_export\"],\"joinArgs\":false}"}}
[info] i  firestore: Firestore Emulator logging to firestore-debug.log {"metadata":{"emulator":{"name":"firestore"},"message":"Firestore Emulator logging to \u001b[1mfirestore-debug.log\u001b[22m"}}
[debug] [2021-04-08T02:38:21.890Z] API endpoint: http:// {"metadata":{"emulator":{"name":"firestore"},"message":"API endpoint: http://"}}
[debug] [2021-04-08T02:38:21.892Z] localhost:8080
 {"metadata":{"emulator":{"name":"firestore"},"message":"localhost:8080\n"}}
[debug] [2021-04-08T02:38:21.892Z] If you are using a library that supports the FIRESTORE_EMULATOR_HOST environment variable, run:
 {"metadata":{"emulator":{"name":"firestore"},"message":"If you are using a library that supports the FIRESTORE_EMULATOR_HOST environment variable, run:\n"}}
[debug] [2021-04-08T02:38:21.893Z] 
   export FIRESTORE_EMULATOR_HOST=localhost: {"metadata":{"emulator":{"name":"firestore"},"message":"\n   export FIRESTORE_EMULATOR_HOST=localhost:"}}
[debug] [2021-04-08T02:38:21.893Z] 8080

Dev App Server is now running.

 {"metadata":{"emulator":{"name":"firestore"},"message":"8080\n\nDev App Server is now running.\n\n"}}
[debug] [2021-04-08T02:38:22.095Z] Ignoring unsupported arg: projectId {"metadata":{"emulator":{"name":"pubsub"},"message":"Ignoring unsupported arg: projectId"}}
[debug] [2021-04-08T02:38:22.096Z] Ignoring unsupported arg: auto_download {"metadata":{"emulator":{"name":"pubsub"},"message":"Ignoring unsupported arg: auto_download"}}
[debug] [2021-04-08T02:38:22.096Z] Starting Pub/Sub Emulator with command {"binary":"/Users/jah/.cache/firebase/emulators/pubsub-emulator-0.1.0/pubsub-emulator/bin/cloud-pubsub-emulator","args":["--host=localhost","--port=8085"],"optionalArgs":["port","host"],"joinArgs":true} {"metadata":{"emulator":{"name":"pubsub"},"message":"Starting Pub/Sub Emulator with command {\"binary\":\"/Users/jah/.cache/firebase/emulators/pubsub-emulator-0.1.0/pubsub-emulator/bin/cloud-pubsub-emulator\",\"args\":[\"--host=localhost\",\"--port=8085\"],\"optionalArgs\":[\"port\",\"host\"],\"joinArgs\":true}"}}
[info] i  pubsub: Pub/Sub Emulator logging to pubsub-debug.log {"metadata":{"emulator":{"name":"pubsub"},"message":"Pub/Sub Emulator logging to \u001b[1mpubsub-debug.log\u001b[22m"}}
[debug] [2021-04-08T02:38:22.370Z] This is the Google Pub/Sub fake.
 {"metadata":{"emulator":{"name":"pubsub"},"message":"This is the Google Pub/Sub fake.\n"}}
[debug] [2021-04-08T02:38:22.371Z] Implementation may be incomplete or differ from the real system.
 {"metadata":{"emulator":{"name":"pubsub"},"message":"Implementation may be incomplete or differ from the real system.\n"}}
[debug] [2021-04-08T02:38:22.427Z] Apr 07, 2021 10:38:22 PM com.google.cloud.pubsub.testing.v1.Main main
INFO: IAM integration is disabled. IAM policy methods and ACL checks are not supported
 {"metadata":{"emulator":{"name":"pubsub"},"message":"Apr 07, 2021 10:38:22 PM com.google.cloud.pubsub.testing.v1.Main main\nINFO: IAM integration is disabled. IAM policy methods and ACL checks are not supported\n"}}
[debug] [2021-04-08T02:38:23.225Z] Apr 07, 2021 10:38:23 PM io.gapi.emulators.netty.NettyUtil applyJava7LongHostnameWorkaround
INFO: Unable to apply Java 7 long hostname workaround.
 {"metadata":{"emulator":{"name":"pubsub"},"message":"Apr 07, 2021 10:38:23 PM io.gapi.emulators.netty.NettyUtil applyJava7LongHostnameWorkaround\nINFO: Unable to apply Java 7 long hostname workaround.\n"}}
[debug] [2021-04-08T02:38:23.428Z] Apr 07, 2021 10:38:23 PM com.google.cloud.pubsub.testing.v1.Main main
INFO: Server started, listening on 8085
 {"metadata":{"emulator":{"name":"pubsub"},"message":"Apr 07, 2021 10:38:23 PM com.google.cloud.pubsub.testing.v1.Main main\nINFO: Server started, listening on 8085\n"}}
[debug] [2021-04-08T02:38:23.633Z] >>> [apiv2][query] GET https://firebase.googleapis.com/v1beta1/projects/ktperiodtracker/webApps/-/config [none]
[debug] [2021-04-08T02:38:23.811Z] Apr 07, 2021 10:38:23 PM io.gapi.emulators.grpc.GrpcServer$3 operationComplete
INFO: Adding handler(s) to newly registered Channel.
 {"metadata":{"emulator":{"name":"pubsub"},"message":"Apr 07, 2021 10:38:23 PM io.gapi.emulators.grpc.GrpcServer$3 operationComplete\nINFO: Adding handler(s) to newly registered Channel.\n"}}
[debug] [2021-04-08T02:38:24.149Z] <<< [apiv2][status] GET https://firebase.googleapis.com/v1beta1/projects/ktperiodtracker/webApps/-/config 200
[debug] [2021-04-08T02:38:24.150Z] <<< [apiv2][body] GET https://firebase.googleapis.com/v1beta1/projects/ktperiodtracker/webApps/-/config {"projectId":"ktperiodtracker","appId":"1:230595623133:web:eb49f4847655c3364cc334","storageBucket":"ktperiodtracker.appspot.com","locationId":"us-east1","apiKey":"AIzaSyBclpT9uGJ4UCmKBLJ_vhaqJoQ7AEO1rdE","authDomain":"ktperiodtracker.firebaseapp.com","messagingSenderId":"230595623133","measurementId":"G-L5N97SMBTE"}
[info] i  hosting: Serving hosting files from: dist {"metadata":{"emulator":{"name":"hosting"},"message":"Serving hosting files from: \u001b[1mdist\u001b[22m"}}
[info] ✔  hosting: Local server: http://localhost:5000 {"metadata":{"emulator":{"name":"hosting"},"message":"Local server: \u001b[4m\u001b[1mhttp://localhost:5000\u001b[22m\u001b[24m"}}
[debug] [2021-04-08T02:38:24.458Z] Ignoring unsupported arg: auto_download {"metadata":{"emulator":{"name":"ui"},"message":"Ignoring unsupported arg: auto_download"}}
[debug] [2021-04-08T02:38:24.458Z] Ignoring unsupported arg: port {"metadata":{"emulator":{"name":"ui"},"message":"Ignoring unsupported arg: port"}}
[debug] [2021-04-08T02:38:24.458Z] Starting Emulator UI with command {"binary":"node","args":["/Users/jah/.cache/firebase/emulators/ui-v1.4.1/server.bundle.js"],"optionalArgs":[],"joinArgs":false} {"metadata":{"emulator":{"name":"ui"},"message":"Starting Emulator UI with command {\"binary\":\"node\",\"args\":[\"/Users/jah/.cache/firebase/emulators/ui-v1.4.1/server.bundle.js\"],\"optionalArgs\":[],\"joinArgs\":false}"}}
[info] i  ui: Emulator UI logging to ui-debug.log {"metadata":{"emulator":{"name":"ui"},"message":"Emulator UI logging to \u001b[1mui-debug.log\u001b[22m"}}
[debug] [2021-04-08T02:38:24.596Z] Web / API server started at http://localhost:4000
 {"metadata":{"emulator":{"name":"ui"},"message":"Web / API server started at http://localhost:4000\n"}}
[info] i  functions: Watching "/Users/jah/Desktop/Coding_Projects/ktperiodtracker/functions" for Cloud Functions... {"metadata":{"emulator":{"name":"functions"},"message":"Watching \"/Users/jah/Desktop/Coding_Projects/ktperiodtracker/functions\" for Cloud Functions..."}}
[debug] [2021-04-08T02:38:24.743Z] [worker-pool] addWorker(~diagnostic~) {"metadata":{"emulator":{"name":"functions"},"message":"[worker-pool] addWorker(~diagnostic~)"}}
[debug] [2021-04-08T02:38:24.743Z] [worker-pool] Adding worker with key ~diagnostic~, total=1 {"metadata":{"emulator":{"name":"functions"},"message":"[worker-pool] Adding worker with key ~diagnostic~, total=1"}}
[debug] [2021-04-08T02:38:24.743Z] [worker-pool] submitWork(triggerId=) {"metadata":{"emulator":{"name":"functions"},"message":"[worker-pool] submitWork(triggerId=)"}}
[debug] [2021-04-08T02:38:24.744Z] [worker-~diagnostic~-4022d6ef-45e0-40b4-a3a0-619540f8d31c]: Assigning socketPath: /var/folders/s1/kxm01zy17v59z003d47wf0200000gn/T/fire_emu_16706.sock {"metadata":{"emulator":{"name":"functions"},"message":"[worker-~diagnostic~-4022d6ef-45e0-40b4-a3a0-619540f8d31c]: Assigning socketPath: /var/folders/s1/kxm01zy17v59z003d47wf0200000gn/T/fire_emu_16706.sock"}}
[debug] [2021-04-08T02:38:24.744Z] [worker-~diagnostic~-4022d6ef-45e0-40b4-a3a0-619540f8d31c]: BUSY {"metadata":{"emulator":{"name":"functions"},"message":"[worker-~diagnostic~-4022d6ef-45e0-40b4-a3a0-619540f8d31c]: BUSY"}}
[debug] [2021-04-08T02:38:24.918Z] [runtime-status] [16706] Functions runtime initialized. {"cwd":"/Users/jah/Desktop/Coding_Projects/ktperiodtracker/functions","node_version":"12.18.1"} {"metadata":{"emulator":{"name":"functions"},"message":"[runtime-status] [16706] Functions runtime initialized. {\"cwd\":\"/Users/jah/Desktop/Coding_Projects/ktperiodtracker/functions\",\"node_version\":\"12.18.1\"}"}}
[debug] [2021-04-08T02:38:24.919Z] [runtime-status] [16706] Disabled runtime features: undefined {"metadata":{"emulator":{"name":"functions"},"message":"[runtime-status] [16706] Disabled runtime features: undefined"}}
[debug] [2021-04-08T02:38:24.922Z] [runtime-status] [16706] Resolved module firebase-admin {"declared":true,"installed":true,"version":"9.6.0","resolution":"/Users/jah/Desktop/Coding_Projects/ktperiodtracker/functions/node_modules/firebase-admin/lib/index.js"} {"metadata":{"emulator":{"name":"functions"},"message":"[runtime-status] [16706] Resolved module firebase-admin {\"declared\":true,\"installed\":true,\"version\":\"9.6.0\",\"resolution\":\"/Users/jah/Desktop/Coding_Projects/ktperiodtracker/functions/node_modules/firebase-admin/lib/index.js\"}"}}
[debug] [2021-04-08T02:38:24.923Z] [runtime-status] [16706] Resolved module firebase-functions {"declared":true,"installed":true,"version":"3.13.2","resolution":"/Users/jah/Desktop/Coding_Projects/ktperiodtracker/functions/node_modules/firebase-functions/lib/index.js"} {"metadata":{"emulator":{"name":"functions"},"message":"[runtime-status] [16706] Resolved module firebase-functions {\"declared\":true,\"installed\":true,\"version\":\"3.13.2\",\"resolution\":\"/Users/jah/Desktop/Coding_Projects/ktperiodtracker/functions/node_modules/firebase-functions/lib/index.js\"}"}}
[debug] [2021-04-08T02:38:24.924Z] [runtime-status] [16706] Resolved module firebase-functions {"declared":true,"installed":true,"version":"3.13.2","resolution":"/Users/jah/Desktop/Coding_Projects/ktperiodtracker/functions/node_modules/firebase-functions/lib/index.js"} {"metadata":{"emulator":{"name":"functions"},"message":"[runtime-status] [16706] Resolved module firebase-functions {\"declared\":true,\"installed\":true,\"version\":\"3.13.2\",\"resolution\":\"/Users/jah/Desktop/Coding_Projects/ktperiodtracker/functions/node_modules/firebase-functions/lib/index.js\"}"}}
[debug] [2021-04-08T02:38:24.925Z] [runtime-status] [16706] Set PUBSUB_EMULATOR_HOST to localhost:8085 {"metadata":{"emulator":{"name":"functions"},"message":"[runtime-status] [16706] Set PUBSUB_EMULATOR_HOST to localhost:8085"}}
[debug] [2021-04-08T02:38:24.927Z] [runtime-status] [16706] Outgoing network have been stubbed. [{"name":"http","status":"mocked"},{"name":"http","status":"mocked"},{"name":"https","status":"mocked"},{"name":"https","status":"mocked"},{"name":"net","status":"mocked"}] {"metadata":{"emulator":{"name":"functions"},"message":"[runtime-status] [16706] Outgoing network have been stubbed. [{\"name\":\"http\",\"status\":\"mocked\"},{\"name\":\"http\",\"status\":\"mocked\"},{\"name\":\"https\",\"status\":\"mocked\"},{\"name\":\"https\",\"status\":\"mocked\"},{\"name\":\"net\",\"status\":\"mocked\"}]"}}
[debug] [2021-04-08T02:38:24.927Z] [runtime-status] [16706] Resolved module firebase-functions {"declared":true,"installed":true,"version":"3.13.2","resolution":"/Users/jah/Desktop/Coding_Projects/ktperiodtracker/functions/node_modules/firebase-functions/lib/index.js"} {"metadata":{"emulator":{"name":"functions"},"message":"[runtime-status] [16706] Resolved module firebase-functions {\"declared\":true,\"installed\":true,\"version\":\"3.13.2\",\"resolution\":\"/Users/jah/Desktop/Coding_Projects/ktperiodtracker/functions/node_modules/firebase-functions/lib/index.js\"}"}}
[debug] [2021-04-08T02:38:24.996Z] [runtime-status] [16706] Checked functions.config() {"config":{"twilio":{"sid":"AC669cbece1d515bfb735587df3e35aabf","token":"6cd5d93c3cd1b5ec94b23c11f9f16982"}}} {"metadata":{"emulator":{"name":"functions"},"message":"[runtime-status] [16706] Checked functions.config() {\"config\":{\"twilio\":{\"sid\":\"AC669cbece1d515bfb735587df3e35aabf\",\"token\":\"6cd5d93c3cd1b5ec94b23c11f9f16982\"}}}"}}
[debug] [2021-04-08T02:38:24.997Z] [runtime-status] [16706] firebase-functions has been stubbed. {"functionsResolution":{"declared":true,"installed":true,"version":"3.13.2","resolution":"/Users/jah/Desktop/Coding_Projects/ktperiodtracker/functions/node_modules/firebase-functions/lib/index.js"}} {"metadata":{"emulator":{"name":"functions"},"message":"[runtime-status] [16706] firebase-functions has been stubbed. {\"functionsResolution\":{\"declared\":true,\"installed\":true,\"version\":\"3.13.2\",\"resolution\":\"/Users/jah/Desktop/Coding_Projects/ktperiodtracker/functions/node_modules/firebase-functions/lib/index.js\"}}"}}
[debug] [2021-04-08T02:38:24.997Z] [runtime-status] [16706] Resolved module firebase-functions {"declared":true,"installed":true,"version":"3.13.2","resolution":"/Users/jah/Desktop/Coding_Projects/ktperiodtracker/functions/node_modules/firebase-functions/lib/index.js"} {"metadata":{"emulator":{"name":"functions"},"message":"[runtime-status] [16706] Resolved module firebase-functions {\"declared\":true,\"installed\":true,\"version\":\"3.13.2\",\"resolution\":\"/Users/jah/Desktop/Coding_Projects/ktperiodtracker/functions/node_modules/firebase-functions/lib/index.js\"}"}}
[debug] [2021-04-08T02:38:24.998Z] [runtime-status] [16706] Resolved module firebase-admin {"declared":true,"installed":true,"version":"9.6.0","resolution":"/Users/jah/Desktop/Coding_Projects/ktperiodtracker/functions/node_modules/firebase-admin/lib/index.js"} {"metadata":{"emulator":{"name":"functions"},"message":"[runtime-status] [16706] Resolved module firebase-admin {\"declared\":true,\"installed\":true,\"version\":\"9.6.0\",\"resolution\":\"/Users/jah/Desktop/Coding_Projects/ktperiodtracker/functions/node_modules/firebase-admin/lib/index.js\"}"}}
[debug] [2021-04-08T02:38:24.999Z] [runtime-status] [16706] Resolved module firebase-functions {"declared":true,"installed":true,"version":"3.13.2","resolution":"/Users/jah/Desktop/Coding_Projects/ktperiodtracker/functions/node_modules/firebase-functions/lib/index.js"} {"metadata":{"emulator":{"name":"functions"},"message":"[runtime-status] [16706] Resolved module firebase-functions {\"declared\":true,\"installed\":true,\"version\":\"3.13.2\",\"resolution\":\"/Users/jah/Desktop/Coding_Projects/ktperiodtracker/functions/node_modules/firebase-functions/lib/index.js\"}"}}
[debug] [2021-04-08T02:38:24.999Z] [runtime-status] [16706] firebase-admin has been stubbed. {"adminResolution":{"declared":true,"installed":true,"version":"9.6.0","resolution":"/Users/jah/Desktop/Coding_Projects/ktperiodtracker/functions/node_modules/firebase-admin/lib/index.js"}} {"metadata":{"emulator":{"name":"functions"},"message":"[runtime-status] [16706] firebase-admin has been stubbed. {\"adminResolution\":{\"declared\":true,\"installed\":true,\"version\":\"9.6.0\",\"resolution\":\"/Users/jah/Desktop/Coding_Projects/ktperiodtracker/functions/node_modules/firebase-admin/lib/index.js\"}}"}}
[debug] [2021-04-08T02:38:25.002Z] [runtime-status] [16706] initializeApp(DEFAULT) {"storageBucket":"ktperiodtracker.appspot.com","projectId":"ktperiodtracker"} {"metadata":{"emulator":{"name":"functions"},"message":"[runtime-status] [16706] initializeApp(DEFAULT) {\"storageBucket\":\"ktperiodtracker.appspot.com\",\"projectId\":\"ktperiodtracker\"}"}}
[debug] [2021-04-08T02:38:25.878Z] addPubsubTrigger {"eventTrigger":{"resource":"projects/ktperiodtracker/topics","eventType":"google.pubsub.topic.publish","service":"pubsub.googleapis.com"}}
[debug] [2021-04-08T02:38:25.878Z] [pubsub] addTrigger(firebase-schedule-morning, morning-0)
[debug] [2021-04-08T02:38:25.879Z] [pubsub] Creating topic: firebase-schedule-morning
[debug] [2021-04-08T02:38:26.001Z] [worker-~diagnostic~-4022d6ef-45e0-40b4-a3a0-619540f8d31c]: IDLE {"metadata":{"emulator":{"name":"functions"},"message":"[worker-~diagnostic~-4022d6ef-45e0-40b4-a3a0-619540f8d31c]: IDLE"}}
[debug] [2021-04-08T02:38:26.014Z] Apr 07, 2021 10:38:26 PM io.gapi.emulators.grpc.GrpcServer$3 operationComplete
INFO: Adding handler(s) to newly registered Channel.
 {"metadata":{"emulator":{"name":"pubsub"},"message":"Apr 07, 2021 10:38:26 PM io.gapi.emulators.grpc.GrpcServer$3 operationComplete\nINFO: Adding handler(s) to newly registered Channel.\n"}}
[debug] [2021-04-08T02:38:26.017Z] Apr 07, 2021 10:38:26 PM io.gapi.emulators.netty.HttpVersionRoutingHandler channelRead
INFO: Detected HTTP/2 connection.
 {"metadata":{"emulator":{"name":"pubsub"},"message":"Apr 07, 2021 10:38:26 PM io.gapi.emulators.netty.HttpVersionRoutingHandler channelRead\nINFO: Detected HTTP/2 connection.\n"}}
[debug] [2021-04-08T02:38:26.112Z] [pubsub] Creating sub for topic: firebase-schedule-morning
[info] ✔  functions[morning]: pubsub function initialized. {"metadata":{"emulator":{"name":"functions"},"message":"\u001b[1mpubsub\u001b[22m function initialized."}}
[debug] [2021-04-08T02:38:26.188Z] addPubsubTrigger {"eventTrigger":{"resource":"projects/ktperiodtracker/topics","eventType":"google.pubsub.topic.publish","service":"pubsub.googleapis.com"}}
[debug] [2021-04-08T02:38:26.189Z] [pubsub] addTrigger(firebase-schedule-afternoon, afternoon-0)
[debug] [2021-04-08T02:38:26.189Z] [pubsub] Creating topic: firebase-schedule-afternoon
[debug] [2021-04-08T02:38:26.229Z] [pubsub] Creating sub for topic: firebase-schedule-afternoon
[info] ✔  functions[afternoon]: pubsub function initialized. {"metadata":{"emulator":{"name":"functions"},"message":"\u001b[1mpubsub\u001b[22m function initialized."}}
[debug] [2021-04-08T02:38:26.236Z] addPubsubTrigger {"eventTrigger":{"resource":"projects/ktperiodtracker/topics","eventType":"google.pubsub.topic.publish","service":"pubsub.googleapis.com"}}
[debug] [2021-04-08T02:38:26.236Z] [pubsub] addTrigger(firebase-schedule-evening, evening-0)
[debug] [2021-04-08T02:38:26.236Z] [pubsub] Creating topic: firebase-schedule-evening
[debug] [2021-04-08T02:38:26.264Z] [pubsub] Creating sub for topic: firebase-schedule-evening
[info] ✔  functions[evening]: pubsub function initialized. {"metadata":{"emulator":{"name":"functions"},"message":"\u001b[1mpubsub\u001b[22m function initialized."}}
[debug] [2021-04-08T02:38:26.272Z] addFirestoreTrigger "{\"eventTrigger\":{\"resource\":\"projects/ktperiodtracker/databases/(default)/documents/entries/{entryId}\",\"eventType\":\"providers/cloud.firestore/eventTypes/document.update\",\"service\":\"firestore.googleapis.com\"}}"
[debug] [2021-04-08T02:38:26.272Z] >>> HTTP REQUEST PUT http://localhost:8080/emulator/v1/projects/ktperiodtracker/triggers/test-0  
 {"eventTrigger":{"resource":"projects/ktperiodtracker/databases/(default)/documents/entries/{entryId}","eventType":"providers/cloud.firestore/eventTypes/document.update","service":"firestore.googleapis.com"}}
[debug] [2021-04-08T02:38:26.329Z] Apr 07, 2021 10:38:26 PM io.gapi.emulators.netty.HttpVersionRoutingHandler channelRead
INFO: Detected non-HTTP/2 connection.
 {"metadata":{"emulator":{"name":"firestore"},"message":"Apr 07, 2021 10:38:26 PM io.gapi.emulators.netty.HttpVersionRoutingHandler channelRead\nINFO: Detected non-HTTP/2 connection.\n"}}
[debug] [2021-04-08T02:38:26.618Z] Apr 07, 2021 10:38:26 PM io.gapi.emulators.netty.HttpVersionRoutingHandler channelRead
INFO: Detected HTTP/2 connection.
 {"metadata":{"emulator":{"name":"firestore"},"message":"Apr 07, 2021 10:38:26 PM io.gapi.emulators.netty.HttpVersionRoutingHandler channelRead\nINFO: Detected HTTP/2 connection.\n"}}
[debug] [2021-04-08T02:38:27.382Z] <<< HTTP RESPONSE 200 {"content-type":"application/json","content-length":"4"}
[info] ✔  functions[test]: firestore function initialized. {"metadata":{"emulator":{"name":"functions"},"message":"\u001b[1mfirestore\u001b[22m function initialized."}}
[info] 
┌─────────────────────────────────────────────────────────────┐
│ ✔  All emulators ready! It is now safe to connect your app. │
│ i  View Emulator UI at http://localhost:4000                │
└─────────────────────────────────────────────────────────────┘

┌───────────┬────────────────┬─────────────────────────────────┐
│ Emulator  │ Host:Port      │ View in Emulator UI             │
├───────────┼────────────────┼─────────────────────────────────┤
│ Functions │ localhost:5001 │ http://localhost:4000/functions │
├───────────┼────────────────┼─────────────────────────────────┤
│ Firestore │ localhost:8080 │ http://localhost:4000/firestore │
├───────────┼────────────────┼─────────────────────────────────┤
│ Hosting   │ localhost:5000 │ n/a                             │
├───────────┼────────────────┼─────────────────────────────────┤
│ Pub/Sub   │ localhost:8085 │ n/a                             │
└───────────┴────────────────┴─────────────────────────────────┘
  Emulator Hub running at localhost:4400
  Other reserved ports: 4500

Issues? Report them at https://github.com/firebase/firebase-tools/issues and attach the *-debug.log files.
 
[debug] [2021-04-08T02:39:02.504Z] File /Users/jah/Desktop/Coding_Projects/ktperiodtracker/functions/index.js changed, reloading triggers {"metadata":{"emulator":{"name":"functions"},"message":"File /Users/jah/Desktop/Coding_Projects/ktperiodtracker/functions/index.js changed, reloading triggers"}}
[debug] [2021-04-08T02:39:03.505Z] [worker-pool] Shutting down IDLE worker (~diagnostic~) {"metadata":{"emulator":{"name":"functions"},"message":"[worker-pool] Shutting down IDLE worker (~diagnostic~)"}}
[debug] [2021-04-08T02:39:03.505Z] [worker-~diagnostic~-4022d6ef-45e0-40b4-a3a0-619540f8d31c]: FINISHING {"metadata":{"emulator":{"name":"functions"},"message":"[worker-~diagnostic~-4022d6ef-45e0-40b4-a3a0-619540f8d31c]: FINISHING"}}
[debug] [2021-04-08T02:39:03.515Z] [worker-pool] addWorker(~diagnostic~) {"metadata":{"emulator":{"name":"functions"},"message":"[worker-pool] addWorker(~diagnostic~)"}}
[debug] [2021-04-08T02:39:03.515Z] [worker-pool] Adding worker with key ~diagnostic~, total=2 {"metadata":{"emulator":{"name":"functions"},"message":"[worker-pool] Adding worker with key ~diagnostic~, total=2"}}
[debug] [2021-04-08T02:39:03.516Z] [worker-pool] submitWork(triggerId=) {"metadata":{"emulator":{"name":"functions"},"message":"[worker-pool] submitWork(triggerId=)"}}
[debug] [2021-04-08T02:39:03.516Z] [worker-~diagnostic~-859beb7a-36da-4202-885f-47b0265fdee9]: Assigning socketPath: /var/folders/s1/kxm01zy17v59z003d47wf0200000gn/T/fire_emu_18206.sock {"metadata":{"emulator":{"name":"functions"},"message":"[worker-~diagnostic~-859beb7a-36da-4202-885f-47b0265fdee9]: Assigning socketPath: /var/folders/s1/kxm01zy17v59z003d47wf0200000gn/T/fire_emu_18206.sock"}}
[debug] [2021-04-08T02:39:03.516Z] [worker-~diagnostic~-859beb7a-36da-4202-885f-47b0265fdee9]: BUSY {"metadata":{"emulator":{"name":"functions"},"message":"[worker-~diagnostic~-859beb7a-36da-4202-885f-47b0265fdee9]: BUSY"}}
[debug] [2021-04-08T02:39:03.518Z] [worker-~diagnostic~-4022d6ef-45e0-40b4-a3a0-619540f8d31c]: exited {"metadata":{"emulator":{"name":"functions"},"message":"[worker-~diagnostic~-4022d6ef-45e0-40b4-a3a0-619540f8d31c]: exited"}}
[debug] [2021-04-08T02:39:03.518Z] [worker-~diagnostic~-4022d6ef-45e0-40b4-a3a0-619540f8d31c]: FINISHED {"metadata":{"emulator":{"name":"functions"},"message":"[worker-~diagnostic~-4022d6ef-45e0-40b4-a3a0-619540f8d31c]: FINISHED"}}
[debug] [2021-04-08T02:39:03.805Z] [runtime-status] [18206] Functions runtime initialized. {"cwd":"/Users/jah/Desktop/Coding_Projects/ktperiodtracker/functions","node_version":"12.18.1"} {"metadata":{"emulator":{"name":"functions"},"message":"[runtime-status] [18206] Functions runtime initialized. {\"cwd\":\"/Users/jah/Desktop/Coding_Projects/ktperiodtracker/functions\",\"node_version\":\"12.18.1\"}"}}
[debug] [2021-04-08T02:39:03.806Z] [runtime-status] [18206] Disabled runtime features: undefined {"metadata":{"emulator":{"name":"functions"},"message":"[runtime-status] [18206] Disabled runtime features: undefined"}}
[debug] [2021-04-08T02:39:03.810Z] [runtime-status] [18206] Resolved module firebase-admin {"declared":true,"installed":true,"version":"9.6.0","resolution":"/Users/jah/Desktop/Coding_Projects/ktperiodtracker/functions/node_modules/firebase-admin/lib/index.js"} {"metadata":{"emulator":{"name":"functions"},"message":"[runtime-status] [18206] Resolved module firebase-admin {\"declared\":true,\"installed\":true,\"version\":\"9.6.0\",\"resolution\":\"/Users/jah/Desktop/Coding_Projects/ktperiodtracker/functions/node_modules/firebase-admin/lib/index.js\"}"}}
[debug] [2021-04-08T02:39:03.811Z] [runtime-status] [18206] Resolved module firebase-functions {"declared":true,"installed":true,"version":"3.13.2","resolution":"/Users/jah/Desktop/Coding_Projects/ktperiodtracker/functions/node_modules/firebase-functions/lib/index.js"} {"metadata":{"emulator":{"name":"functions"},"message":"[runtime-status] [18206] Resolved module firebase-functions {\"declared\":true,\"installed\":true,\"version\":\"3.13.2\",\"resolution\":\"/Users/jah/Desktop/Coding_Projects/ktperiodtracker/functions/node_modules/firebase-functions/lib/index.js\"}"}}
[debug] [2021-04-08T02:39:03.812Z] [runtime-status] [18206] Resolved module firebase-functions {"declared":true,"installed":true,"version":"3.13.2","resolution":"/Users/jah/Desktop/Coding_Projects/ktperiodtracker/functions/node_modules/firebase-functions/lib/index.js"} {"metadata":{"emulator":{"name":"functions"},"message":"[runtime-status] [18206] Resolved module firebase-functions {\"declared\":true,\"installed\":true,\"version\":\"3.13.2\",\"resolution\":\"/Users/jah/Desktop/Coding_Projects/ktperiodtracker/functions/node_modules/firebase-functions/lib/index.js\"}"}}
[debug] [2021-04-08T02:39:03.813Z] [runtime-status] [18206] Set PUBSUB_EMULATOR_HOST to localhost:8085 {"metadata":{"emulator":{"name":"functions"},"message":"[runtime-status] [18206] Set PUBSUB_EMULATOR_HOST to localhost:8085"}}
[debug] [2021-04-08T02:39:03.815Z] [runtime-status] [18206] Outgoing network have been stubbed. [{"name":"http","status":"mocked"},{"name":"http","status":"mocked"},{"name":"https","status":"mocked"},{"name":"https","status":"mocked"},{"name":"net","status":"mocked"}] {"metadata":{"emulator":{"name":"functions"},"message":"[runtime-status] [18206] Outgoing network have been stubbed. [{\"name\":\"http\",\"status\":\"mocked\"},{\"name\":\"http\",\"status\":\"mocked\"},{\"name\":\"https\",\"status\":\"mocked\"},{\"name\":\"https\",\"status\":\"mocked\"},{\"name\":\"net\",\"status\":\"mocked\"}]"}}
[debug] [2021-04-08T02:39:03.815Z] [runtime-status] [18206] Resolved module firebase-functions {"declared":true,"installed":true,"version":"3.13.2","resolution":"/Users/jah/Desktop/Coding_Projects/ktperiodtracker/functions/node_modules/firebase-functions/lib/index.js"} {"metadata":{"emulator":{"name":"functions"},"message":"[runtime-status] [18206] Resolved module firebase-functions {\"declared\":true,\"installed\":true,\"version\":\"3.13.2\",\"resolution\":\"/Users/jah/Desktop/Coding_Projects/ktperiodtracker/functions/node_modules/firebase-functions/lib/index.js\"}"}}
[debug] [2021-04-08T02:39:03.861Z] [runtime-status] [18206] Checked functions.config() {"config":{"twilio":{"sid":"AC669cbece1d515bfb735587df3e35aabf","token":"6cd5d93c3cd1b5ec94b23c11f9f16982"}}} {"metadata":{"emulator":{"name":"functions"},"message":"[runtime-status] [18206] Checked functions.config() {\"config\":{\"twilio\":{\"sid\":\"AC669cbece1d515bfb735587df3e35aabf\",\"token\":\"6cd5d93c3cd1b5ec94b23c11f9f16982\"}}}"}}
[debug] [2021-04-08T02:39:03.862Z] [runtime-status] [18206] firebase-functions has been stubbed. {"functionsResolution":{"declared":true,"installed":true,"version":"3.13.2","resolution":"/Users/jah/Desktop/Coding_Projects/ktperiodtracker/functions/node_modules/firebase-functions/lib/index.js"}} {"metadata":{"emulator":{"name":"functions"},"message":"[runtime-status] [18206] firebase-functions has been stubbed. {\"functionsResolution\":{\"declared\":true,\"installed\":true,\"version\":\"3.13.2\",\"resolution\":\"/Users/jah/Desktop/Coding_Projects/ktperiodtracker/functions/node_modules/firebase-functions/lib/index.js\"}}"}}
[debug] [2021-04-08T02:39:03.865Z] [runtime-status] [18206] Resolved module firebase-functions {"declared":true,"installed":true,"version":"3.13.2","resolution":"/Users/jah/Desktop/Coding_Projects/ktperiodtracker/functions/node_modules/firebase-functions/lib/index.js"} {"metadata":{"emulator":{"name":"functions"},"message":"[runtime-status] [18206] Resolved module firebase-functions {\"declared\":true,\"installed\":true,\"version\":\"3.13.2\",\"resolution\":\"/Users/jah/Desktop/Coding_Projects/ktperiodtracker/functions/node_modules/firebase-functions/lib/index.js\"}"}}
[debug] [2021-04-08T02:39:03.866Z] [runtime-status] [18206] Resolved module firebase-admin {"declared":true,"installed":true,"version":"9.6.0","resolution":"/Users/jah/Desktop/Coding_Projects/ktperiodtracker/functions/node_modules/firebase-admin/lib/index.js"} {"metadata":{"emulator":{"name":"functions"},"message":"[runtime-status] [18206] Resolved module firebase-admin {\"declared\":true,\"installed\":true,\"version\":\"9.6.0\",\"resolution\":\"/Users/jah/Desktop/Coding_Projects/ktperiodtracker/functions/node_modules/firebase-admin/lib/index.js\"}"}}
[debug] [2021-04-08T02:39:03.869Z] [runtime-status] [18206] Resolved module firebase-functions {"declared":true,"installed":true,"version":"3.13.2","resolution":"/Users/jah/Desktop/Coding_Projects/ktperiodtracker/functions/node_modules/firebase-functions/lib/index.js"} {"metadata":{"emulator":{"name":"functions"},"message":"[runtime-status] [18206] Resolved module firebase-functions {\"declared\":true,\"installed\":true,\"version\":\"3.13.2\",\"resolution\":\"/Users/jah/Desktop/Coding_Projects/ktperiodtracker/functions/node_modules/firebase-functions/lib/index.js\"}"}}
[debug] [2021-04-08T02:39:03.869Z] [runtime-status] [18206] firebase-admin has been stubbed. {"adminResolution":{"declared":true,"installed":true,"version":"9.6.0","resolution":"/Users/jah/Desktop/Coding_Projects/ktperiodtracker/functions/node_modules/firebase-admin/lib/index.js"}} {"metadata":{"emulator":{"name":"functions"},"message":"[runtime-status] [18206] firebase-admin has been stubbed. {\"adminResolution\":{\"declared\":true,\"installed\":true,\"version\":\"9.6.0\",\"resolution\":\"/Users/jah/Desktop/Coding_Projects/ktperiodtracker/functions/node_modules/firebase-admin/lib/index.js\"}}"}}
[debug] [2021-04-08T02:39:03.871Z] [runtime-status] [18206] initializeApp(DEFAULT) {"storageBucket":"ktperiodtracker.appspot.com","projectId":"ktperiodtracker"} {"metadata":{"emulator":{"name":"functions"},"message":"[runtime-status] [18206] initializeApp(DEFAULT) {\"storageBucket\":\"ktperiodtracker.appspot.com\",\"projectId\":\"ktperiodtracker\"}"}}
[debug] [2021-04-08T02:39:04.771Z] [worker-~diagnostic~-859beb7a-36da-4202-885f-47b0265fdee9]: IDLE {"metadata":{"emulator":{"name":"functions"},"message":"[worker-~diagnostic~-859beb7a-36da-4202-885f-47b0265fdee9]: IDLE"}}
[debug] [2021-04-08T02:42:08.377Z] File /Users/jah/Desktop/Coding_Projects/ktperiodtracker/functions/index.js changed, reloading triggers {"metadata":{"emulator":{"name":"functions"},"message":"File /Users/jah/Desktop/Coding_Projects/ktperiodtracker/functions/index.js changed, reloading triggers"}}
[debug] [2021-04-08T02:42:09.382Z] [worker-pool] Shutting down IDLE worker (~diagnostic~) {"metadata":{"emulator":{"name":"functions"},"message":"[worker-pool] Shutting down IDLE worker (~diagnostic~)"}}
[debug] [2021-04-08T02:42:09.382Z] [worker-~diagnostic~-859beb7a-36da-4202-885f-47b0265fdee9]: FINISHING {"metadata":{"emulator":{"name":"functions"},"message":"[worker-~diagnostic~-859beb7a-36da-4202-885f-47b0265fdee9]: FINISHING"}}
[debug] [2021-04-08T02:42:09.382Z] [worker-pool] Cleaned up workers for ~diagnostic~: 2 --> 1 {"metadata":{"emulator":{"name":"functions"},"message":"[worker-pool] Cleaned up workers for ~diagnostic~: 2 --> 1"}}
[debug] [2021-04-08T02:42:09.390Z] [worker-pool] addWorker(~diagnostic~) {"metadata":{"emulator":{"name":"functions"},"message":"[worker-pool] addWorker(~diagnostic~)"}}
[debug] [2021-04-08T02:42:09.391Z] [worker-pool] Adding worker with key ~diagnostic~, total=2 {"metadata":{"emulator":{"name":"functions"},"message":"[worker-pool] Adding worker with key ~diagnostic~, total=2"}}
[debug] [2021-04-08T02:42:09.391Z] [worker-pool] submitWork(triggerId=) {"metadata":{"emulator":{"name":"functions"},"message":"[worker-pool] submitWork(triggerId=)"}}
[debug] [2021-04-08T02:42:09.391Z] [worker-~diagnostic~-60f6f023-e40f-4385-ad9c-6bc7baf64b51]: Assigning socketPath: /var/folders/s1/kxm01zy17v59z003d47wf0200000gn/T/fire_emu_25476.sock {"metadata":{"emulator":{"name":"functions"},"message":"[worker-~diagnostic~-60f6f023-e40f-4385-ad9c-6bc7baf64b51]: Assigning socketPath: /var/folders/s1/kxm01zy17v59z003d47wf0200000gn/T/fire_emu_25476.sock"}}
[debug] [2021-04-08T02:42:09.391Z] [worker-~diagnostic~-60f6f023-e40f-4385-ad9c-6bc7baf64b51]: BUSY {"metadata":{"emulator":{"name":"functions"},"message":"[worker-~diagnostic~-60f6f023-e40f-4385-ad9c-6bc7baf64b51]: BUSY"}}
[debug] [2021-04-08T02:42:09.394Z] [worker-~diagnostic~-859beb7a-36da-4202-885f-47b0265fdee9]: exited {"metadata":{"emulator":{"name":"functions"},"message":"[worker-~diagnostic~-859beb7a-36da-4202-885f-47b0265fdee9]: exited"}}
[debug] [2021-04-08T02:42:09.394Z] [worker-~diagnostic~-859beb7a-36da-4202-885f-47b0265fdee9]: FINISHED {"metadata":{"emulator":{"name":"functions"},"message":"[worker-~diagnostic~-859beb7a-36da-4202-885f-47b0265fdee9]: FINISHED"}}
[debug] [2021-04-08T02:42:09.626Z] [runtime-status] [25476] Functions runtime initialized. {"cwd":"/Users/jah/Desktop/Coding_Projects/ktperiodtracker/functions","node_version":"12.18.1"} {"metadata":{"emulator":{"name":"functions"},"message":"[runtime-status] [25476] Functions runtime initialized. {\"cwd\":\"/Users/jah/Desktop/Coding_Projects/ktperiodtracker/functions\",\"node_version\":\"12.18.1\"}"}}
[debug] [2021-04-08T02:42:09.627Z] [runtime-status] [25476] Disabled runtime features: undefined {"metadata":{"emulator":{"name":"functions"},"message":"[runtime-status] [25476] Disabled runtime features: undefined"}}
[debug] [2021-04-08T02:42:09.630Z] [runtime-status] [25476] Resolved module firebase-admin {"declared":true,"installed":true,"version":"9.6.0","resolution":"/Users/jah/Desktop/Coding_Projects/ktperiodtracker/functions/node_modules/firebase-admin/lib/index.js"} {"metadata":{"emulator":{"name":"functions"},"message":"[runtime-status] [25476] Resolved module firebase-admin {\"declared\":true,\"installed\":true,\"version\":\"9.6.0\",\"resolution\":\"/Users/jah/Desktop/Coding_Projects/ktperiodtracker/functions/node_modules/firebase-admin/lib/index.js\"}"}}
[debug] [2021-04-08T02:42:09.631Z] [runtime-status] [25476] Resolved module firebase-functions {"declared":true,"installed":true,"version":"3.13.2","resolution":"/Users/jah/Desktop/Coding_Projects/ktperiodtracker/functions/node_modules/firebase-functions/lib/index.js"} {"metadata":{"emulator":{"name":"functions"},"message":"[runtime-status] [25476] Resolved module firebase-functions {\"declared\":true,\"installed\":true,\"version\":\"3.13.2\",\"resolution\":\"/Users/jah/Desktop/Coding_Projects/ktperiodtracker/functions/node_modules/firebase-functions/lib/index.js\"}"}}
[debug] [2021-04-08T02:42:09.632Z] [runtime-status] [25476] Resolved module firebase-functions {"declared":true,"installed":true,"version":"3.13.2","resolution":"/Users/jah/Desktop/Coding_Projects/ktperiodtracker/functions/node_modules/firebase-functions/lib/index.js"} {"metadata":{"emulator":{"name":"functions"},"message":"[runtime-status] [25476] Resolved module firebase-functions {\"declared\":true,\"installed\":true,\"version\":\"3.13.2\",\"resolution\":\"/Users/jah/Desktop/Coding_Projects/ktperiodtracker/functions/node_modules/firebase-functions/lib/index.js\"}"}}
[debug] [2021-04-08T02:42:09.632Z] [runtime-status] [25476] Set PUBSUB_EMULATOR_HOST to localhost:8085 {"metadata":{"emulator":{"name":"functions"},"message":"[runtime-status] [25476] Set PUBSUB_EMULATOR_HOST to localhost:8085"}}
[debug] [2021-04-08T02:42:09.634Z] [runtime-status] [25476] Outgoing network have been stubbed. [{"name":"http","status":"mocked"},{"name":"http","status":"mocked"},{"name":"https","status":"mocked"},{"name":"https","status":"mocked"},{"name":"net","status":"mocked"}] {"metadata":{"emulator":{"name":"functions"},"message":"[runtime-status] [25476] Outgoing network have been stubbed. [{\"name\":\"http\",\"status\":\"mocked\"},{\"name\":\"http\",\"status\":\"mocked\"},{\"name\":\"https\",\"status\":\"mocked\"},{\"name\":\"https\",\"status\":\"mocked\"},{\"name\":\"net\",\"status\":\"mocked\"}]"}}
[debug] [2021-04-08T02:42:09.634Z] [runtime-status] [25476] Resolved module firebase-functions {"declared":true,"installed":true,"version":"3.13.2","resolution":"/Users/jah/Desktop/Coding_Projects/ktperiodtracker/functions/node_modules/firebase-functions/lib/index.js"} {"metadata":{"emulator":{"name":"functions"},"message":"[runtime-status] [25476] Resolved module firebase-functions {\"declared\":true,\"installed\":true,\"version\":\"3.13.2\",\"resolution\":\"/Users/jah/Desktop/Coding_Projects/ktperiodtracker/functions/node_modules/firebase-functions/lib/index.js\"}"}}
[debug] [2021-04-08T02:42:09.692Z] [runtime-status] [25476] Checked functions.config() {"config":{"twilio":{"sid":"AC669cbece1d515bfb735587df3e35aabf","token":"6cd5d93c3cd1b5ec94b23c11f9f16982"}}} {"metadata":{"emulator":{"name":"functions"},"message":"[runtime-status] [25476] Checked functions.config() {\"config\":{\"twilio\":{\"sid\":\"AC669cbece1d515bfb735587df3e35aabf\",\"token\":\"6cd5d93c3cd1b5ec94b23c11f9f16982\"}}}"}}
[debug] [2021-04-08T02:42:09.692Z] [runtime-status] [25476] firebase-functions has been stubbed. {"functionsResolution":{"declared":true,"installed":true,"version":"3.13.2","resolution":"/Users/jah/Desktop/Coding_Projects/ktperiodtracker/functions/node_modules/firebase-functions/lib/index.js"}} {"metadata":{"emulator":{"name":"functions"},"message":"[runtime-status] [25476] firebase-functions has been stubbed. {\"functionsResolution\":{\"declared\":true,\"installed\":true,\"version\":\"3.13.2\",\"resolution\":\"/Users/jah/Desktop/Coding_Projects/ktperiodtracker/functions/node_modules/firebase-functions/lib/index.js\"}}"}}
[debug] [2021-04-08T02:42:09.693Z] [runtime-status] [25476] Resolved module firebase-functions {"declared":true,"installed":true,"version":"3.13.2","resolution":"/Users/jah/Desktop/Coding_Projects/ktperiodtracker/functions/node_modules/firebase-functions/lib/index.js"} {"metadata":{"emulator":{"name":"functions"},"message":"[runtime-status] [25476] Resolved module firebase-functions {\"declared\":true,\"installed\":true,\"version\":\"3.13.2\",\"resolution\":\"/Users/jah/Desktop/Coding_Projects/ktperiodtracker/functions/node_modules/firebase-functions/lib/index.js\"}"}}
[debug] [2021-04-08T02:42:09.693Z] [runtime-status] [25476] Resolved module firebase-admin {"declared":true,"installed":true,"version":"9.6.0","resolution":"/Users/jah/Desktop/Coding_Projects/ktperiodtracker/functions/node_modules/firebase-admin/lib/index.js"} {"metadata":{"emulator":{"name":"functions"},"message":"[runtime-status] [25476] Resolved module firebase-admin {\"declared\":true,\"installed\":true,\"version\":\"9.6.0\",\"resolution\":\"/Users/jah/Desktop/Coding_Projects/ktperiodtracker/functions/node_modules/firebase-admin/lib/index.js\"}"}}
[debug] [2021-04-08T02:42:09.696Z] [runtime-status] [25476] Resolved module firebase-functions {"declared":true,"installed":true,"version":"3.13.2","resolution":"/Users/jah/Desktop/Coding_Projects/ktperiodtracker/functions/node_modules/firebase-functions/lib/index.js"} {"metadata":{"emulator":{"name":"functions"},"message":"[runtime-status] [25476] Resolved module firebase-functions {\"declared\":true,\"installed\":true,\"version\":\"3.13.2\",\"resolution\":\"/Users/jah/Desktop/Coding_Projects/ktperiodtracker/functions/node_modules/firebase-functions/lib/index.js\"}"}}
[debug] [2021-04-08T02:42:09.697Z] [runtime-status] [25476] firebase-admin has been stubbed. {"adminResolution":{"declared":true,"installed":true,"version":"9.6.0","resolution":"/Users/jah/Desktop/Coding_Projects/ktperiodtracker/functions/node_modules/firebase-admin/lib/index.js"}} {"metadata":{"emulator":{"name":"functions"},"message":"[runtime-status] [25476] firebase-admin has been stubbed. {\"adminResolution\":{\"declared\":true,\"installed\":true,\"version\":\"9.6.0\",\"resolution\":\"/Users/jah/Desktop/Coding_Projects/ktperiodtracker/functions/node_modules/firebase-admin/lib/index.js\"}}"}}
[debug] [2021-04-08T02:42:09.697Z] [runtime-status] [25476] initializeApp(DEFAULT) {"storageBucket":"ktperiodtracker.appspot.com","projectId":"ktperiodtracker"} {"metadata":{"emulator":{"name":"functions"},"message":"[runtime-status] [25476] initializeApp(DEFAULT) {\"storageBucket\":\"ktperiodtracker.appspot.com\",\"projectId\":\"ktperiodtracker\"}"}}
[debug] [2021-04-08T02:42:10.562Z] [worker-~diagnostic~-60f6f023-e40f-4385-ad9c-6bc7baf64b51]: IDLE {"metadata":{"emulator":{"name":"functions"},"message":"[worker-~diagnostic~-60f6f023-e40f-4385-ad9c-6bc7baf64b51]: IDLE"}}
[debug] [2021-04-08T02:42:23.305Z] File /Users/jah/Desktop/Coding_Projects/ktperiodtracker/functions/index.js changed, reloading triggers {"metadata":{"emulator":{"name":"functions"},"message":"File /Users/jah/Desktop/Coding_Projects/ktperiodtracker/functions/index.js changed, reloading triggers"}}
[debug] [2021-04-08T02:42:24.306Z] [worker-pool] Shutting down IDLE worker (~diagnostic~) {"metadata":{"emulator":{"name":"functions"},"message":"[worker-pool] Shutting down IDLE worker (~diagnostic~)"}}
[debug] [2021-04-08T02:42:24.307Z] [worker-~diagnostic~-60f6f023-e40f-4385-ad9c-6bc7baf64b51]: FINISHING {"metadata":{"emulator":{"name":"functions"},"message":"[worker-~diagnostic~-60f6f023-e40f-4385-ad9c-6bc7baf64b51]: FINISHING"}}
[debug] [2021-04-08T02:42:24.307Z] [worker-pool] Cleaned up workers for ~diagnostic~: 2 --> 1 {"metadata":{"emulator":{"name":"functions"},"message":"[worker-pool] Cleaned up workers for ~diagnostic~: 2 --> 1"}}
[debug] [2021-04-08T02:42:24.317Z] [worker-pool] addWorker(~diagnostic~) {"metadata":{"emulator":{"name":"functions"},"message":"[worker-pool] addWorker(~diagnostic~)"}}
[debug] [2021-04-08T02:42:24.318Z] [worker-pool] Adding worker with key ~diagnostic~, total=2 {"metadata":{"emulator":{"name":"functions"},"message":"[worker-pool] Adding worker with key ~diagnostic~, total=2"}}
[debug] [2021-04-08T02:42:24.318Z] [worker-pool] submitWork(triggerId=) {"metadata":{"emulator":{"name":"functions"},"message":"[worker-pool] submitWork(triggerId=)"}}
[debug] [2021-04-08T02:42:24.318Z] [worker-~diagnostic~-fa7c3b96-11ed-43d2-8bd6-3d4589c5edc7]: Assigning socketPath: /var/folders/s1/kxm01zy17v59z003d47wf0200000gn/T/fire_emu_26144.sock {"metadata":{"emulator":{"name":"functions"},"message":"[worker-~diagnostic~-fa7c3b96-11ed-43d2-8bd6-3d4589c5edc7]: Assigning socketPath: /var/folders/s1/kxm01zy17v59z003d47wf0200000gn/T/fire_emu_26144.sock"}}
[debug] [2021-04-08T02:42:24.318Z] [worker-~diagnostic~-fa7c3b96-11ed-43d2-8bd6-3d4589c5edc7]: BUSY {"metadata":{"emulator":{"name":"functions"},"message":"[worker-~diagnostic~-fa7c3b96-11ed-43d2-8bd6-3d4589c5edc7]: BUSY"}}
[debug] [2021-04-08T02:42:24.319Z] [worker-~diagnostic~-60f6f023-e40f-4385-ad9c-6bc7baf64b51]: exited {"metadata":{"emulator":{"name":"functions"},"message":"[worker-~diagnostic~-60f6f023-e40f-4385-ad9c-6bc7baf64b51]: exited"}}
[debug] [2021-04-08T02:42:24.319Z] [worker-~diagnostic~-60f6f023-e40f-4385-ad9c-6bc7baf64b51]: FINISHED {"metadata":{"emulator":{"name":"functions"},"message":"[worker-~diagnostic~-60f6f023-e40f-4385-ad9c-6bc7baf64b51]: FINISHED"}}
[debug] [2021-04-08T02:42:24.516Z] [runtime-status] [26144] Functions runtime initialized. {"cwd":"/Users/jah/Desktop/Coding_Projects/ktperiodtracker/functions","node_version":"12.18.1"} {"metadata":{"emulator":{"name":"functions"},"message":"[runtime-status] [26144] Functions runtime initialized. {\"cwd\":\"/Users/jah/Desktop/Coding_Projects/ktperiodtracker/functions\",\"node_version\":\"12.18.1\"}"}}
[debug] [2021-04-08T02:42:24.518Z] [runtime-status] [26144] Disabled runtime features: undefined {"metadata":{"emulator":{"name":"functions"},"message":"[runtime-status] [26144] Disabled runtime features: undefined"}}
[debug] [2021-04-08T02:42:24.521Z] [runtime-status] [26144] Resolved module firebase-admin {"declared":true,"installed":true,"version":"9.6.0","resolution":"/Users/jah/Desktop/Coding_Projects/ktperiodtracker/functions/node_modules/firebase-admin/lib/index.js"} {"metadata":{"emulator":{"name":"functions"},"message":"[runtime-status] [26144] Resolved module firebase-admin {\"declared\":true,\"installed\":true,\"version\":\"9.6.0\",\"resolution\":\"/Users/jah/Desktop/Coding_Projects/ktperiodtracker/functions/node_modules/firebase-admin/lib/index.js\"}"}}
[debug] [2021-04-08T02:42:24.523Z] [runtime-status] [26144] Resolved module firebase-functions {"declared":true,"installed":true,"version":"3.13.2","resolution":"/Users/jah/Desktop/Coding_Projects/ktperiodtracker/functions/node_modules/firebase-functions/lib/index.js"} {"metadata":{"emulator":{"name":"functions"},"message":"[runtime-status] [26144] Resolved module firebase-functions {\"declared\":true,\"installed\":true,\"version\":\"3.13.2\",\"resolution\":\"/Users/jah/Desktop/Coding_Projects/ktperiodtracker/functions/node_modules/firebase-functions/lib/index.js\"}"}}
[debug] [2021-04-08T02:42:24.524Z] [runtime-status] [26144] Resolved module firebase-functions {"declared":true,"installed":true,"version":"3.13.2","resolution":"/Users/jah/Desktop/Coding_Projects/ktperiodtracker/functions/node_modules/firebase-functions/lib/index.js"} {"metadata":{"emulator":{"name":"functions"},"message":"[runtime-status] [26144] Resolved module firebase-functions {\"declared\":true,\"installed\":true,\"version\":\"3.13.2\",\"resolution\":\"/Users/jah/Desktop/Coding_Projects/ktperiodtracker/functions/node_modules/firebase-functions/lib/index.js\"}"}}
[debug] [2021-04-08T02:42:24.525Z] [runtime-status] [26144] Set PUBSUB_EMULATOR_HOST to localhost:8085 {"metadata":{"emulator":{"name":"functions"},"message":"[runtime-status] [26144] Set PUBSUB_EMULATOR_HOST to localhost:8085"}}
[debug] [2021-04-08T02:42:24.526Z] [runtime-status] [26144] Outgoing network have been stubbed. [{"name":"http","status":"mocked"},{"name":"http","status":"mocked"},{"name":"https","status":"mocked"},{"name":"https","status":"mocked"},{"name":"net","status":"mocked"}] {"metadata":{"emulator":{"name":"functions"},"message":"[runtime-status] [26144] Outgoing network have been stubbed. [{\"name\":\"http\",\"status\":\"mocked\"},{\"name\":\"http\",\"status\":\"mocked\"},{\"name\":\"https\",\"status\":\"mocked\"},{\"name\":\"https\",\"status\":\"mocked\"},{\"name\":\"net\",\"status\":\"mocked\"}]"}}
[debug] [2021-04-08T02:42:24.530Z] [runtime-status] [26144] Resolved module firebase-functions {"declared":true,"installed":true,"version":"3.13.2","resolution":"/Users/jah/Desktop/Coding_Projects/ktperiodtracker/functions/node_modules/firebase-functions/lib/index.js"} {"metadata":{"emulator":{"name":"functions"},"message":"[runtime-status] [26144] Resolved module firebase-functions {\"declared\":true,\"installed\":true,\"version\":\"3.13.2\",\"resolution\":\"/Users/jah/Desktop/Coding_Projects/ktperiodtracker/functions/node_modules/firebase-functions/lib/index.js\"}"}}
[debug] [2021-04-08T02:42:24.597Z] [runtime-status] [26144] Checked functions.config() {"config":{"twilio":{"sid":"AC669cbece1d515bfb735587df3e35aabf","token":"6cd5d93c3cd1b5ec94b23c11f9f16982"}}} {"metadata":{"emulator":{"name":"functions"},"message":"[runtime-status] [26144] Checked functions.config() {\"config\":{\"twilio\":{\"sid\":\"AC669cbece1d515bfb735587df3e35aabf\",\"token\":\"6cd5d93c3cd1b5ec94b23c11f9f16982\"}}}"}}
[debug] [2021-04-08T02:42:24.597Z] [runtime-status] [26144] firebase-functions has been stubbed. {"functionsResolution":{"declared":true,"installed":true,"version":"3.13.2","resolution":"/Users/jah/Desktop/Coding_Projects/ktperiodtracker/functions/node_modules/firebase-functions/lib/index.js"}} {"metadata":{"emulator":{"name":"functions"},"message":"[runtime-status] [26144] firebase-functions has been stubbed. {\"functionsResolution\":{\"declared\":true,\"installed\":true,\"version\":\"3.13.2\",\"resolution\":\"/Users/jah/Desktop/Coding_Projects/ktperiodtracker/functions/node_modules/firebase-functions/lib/index.js\"}}"}}
[debug] [2021-04-08T02:42:24.598Z] [runtime-status] [26144] Resolved module firebase-functions {"declared":true,"installed":true,"version":"3.13.2","resolution":"/Users/jah/Desktop/Coding_Projects/ktperiodtracker/functions/node_modules/firebase-functions/lib/index.js"} {"metadata":{"emulator":{"name":"functions"},"message":"[runtime-status] [26144] Resolved module firebase-functions {\"declared\":true,\"installed\":true,\"version\":\"3.13.2\",\"resolution\":\"/Users/jah/Desktop/Coding_Projects/ktperiodtracker/functions/node_modules/firebase-functions/lib/index.js\"}"}}
[debug] [2021-04-08T02:42:24.599Z] [runtime-status] [26144] Resolved module firebase-admin {"declared":true,"installed":true,"version":"9.6.0","resolution":"/Users/jah/Desktop/Coding_Projects/ktperiodtracker/functions/node_modules/firebase-admin/lib/index.js"} {"metadata":{"emulator":{"name":"functions"},"message":"[runtime-status] [26144] Resolved module firebase-admin {\"declared\":true,\"installed\":true,\"version\":\"9.6.0\",\"resolution\":\"/Users/jah/Desktop/Coding_Projects/ktperiodtracker/functions/node_modules/firebase-admin/lib/index.js\"}"}}
[debug] [2021-04-08T02:42:24.599Z] [runtime-status] [26144] Resolved module firebase-functions {"declared":true,"installed":true,"version":"3.13.2","resolution":"/Users/jah/Desktop/Coding_Projects/ktperiodtracker/functions/node_modules/firebase-functions/lib/index.js"} {"metadata":{"emulator":{"name":"functions"},"message":"[runtime-status] [26144] Resolved module firebase-functions {\"declared\":true,\"installed\":true,\"version\":\"3.13.2\",\"resolution\":\"/Users/jah/Desktop/Coding_Projects/ktperiodtracker/functions/node_modules/firebase-functions/lib/index.js\"}"}}
[debug] [2021-04-08T02:42:24.599Z] [runtime-status] [26144] firebase-admin has been stubbed. {"adminResolution":{"declared":true,"installed":true,"version":"9.6.0","resolution":"/Users/jah/Desktop/Coding_Projects/ktperiodtracker/functions/node_modules/firebase-admin/lib/index.js"}} {"metadata":{"emulator":{"name":"functions"},"message":"[runtime-status] [26144] firebase-admin has been stubbed. {\"adminResolution\":{\"declared\":true,\"installed\":true,\"version\":\"9.6.0\",\"resolution\":\"/Users/jah/Desktop/Coding_Projects/ktperiodtracker/functions/node_modules/firebase-admin/lib/index.js\"}}"}}
[debug] [2021-04-08T02:42:24.601Z] [runtime-status] [26144] initializeApp(DEFAULT) {"storageBucket":"ktperiodtracker.appspot.com","projectId":"ktperiodtracker"} {"metadata":{"emulator":{"name":"functions"},"message":"[runtime-status] [26144] initializeApp(DEFAULT) {\"storageBucket\":\"ktperiodtracker.appspot.com\",\"projectId\":\"ktperiodtracker\"}"}}
[debug] [2021-04-08T02:42:25.878Z] [worker-~diagnostic~-fa7c3b96-11ed-43d2-8bd6-3d4589c5edc7]: IDLE {"metadata":{"emulator":{"name":"functions"},"message":"[worker-~diagnostic~-fa7c3b96-11ed-43d2-8bd6-3d4589c5edc7]: IDLE"}}
